<?xml version="1.0" encoding="UTF-8" ?>
<testsuite tests="20" failures="0" name="RunTests" time="22.811" errors="8" skipped="9">
  <properties>
[...]
</properties>
  <testcase classname="| \&quot;Informa\u00E7\u00F5es corretas\&quot; |  | \&quot;Aprovar\&quot; | \&quot;Atividade conclu\u00EDda com sucesso!\&quot; |" name="Dado a tela da fila de requerimentos aberta" time="0.011">
    <error message="Failed to instantiate class step_definitions.Atendimento_requerimentoSteps" type="cucumber.runtime.CucumberException">cucumber.runtime.CucumberException: Failed to instantiate class step_definitions.Atendimento_requerimentoSteps
	at cucumber.runtime.java.DefaultJavaObjectFactory.cacheNewInstance(DefaultJavaObjectFactory.java:47)
	at cucumber.runtime.java.DefaultJavaObjectFactory.getInstance(DefaultJavaObjectFactory.java:33)
	at cucumber.runtime.java.JavaStepDefinition.execute(JavaStepDefinition.java:38)
	at cucumber.runtime.StepDefinitionMatch.runStep(StepDefinitionMatch.java:37)
	at cucumber.runtime.Runtime.runStep(Runtime.java:300)
	at cucumber.runtime.model.StepContainer.runStep(StepContainer.java:44)
	at cucumber.runtime.model.StepContainer.runSteps(StepContainer.java:39)
	at cucumber.runtime.model.CucumberScenario.run(CucumberScenario.java:44)
	at cucumber.runtime.junit.ExecutionUnitRunner.run(ExecutionUnitRunner.java:102)
	at org.junit.runners.Suite.runChild(Suite.java:128)
	at org.junit.runners.Suite.runChild(Suite.java:27)
	at org.junit.runners.ParentRunner$3.run(ParentRunner.java:290)
	at org.junit.runners.ParentRunner$1.schedule(ParentRunner.java:71)
	at org.junit.runners.ParentRunner.runChildren(ParentRunner.java:288)
	at org.junit.runners.ParentRunner.access$000(ParentRunner.java:58)
	at org.junit.runners.ParentRunner$2.evaluate(ParentRunner.java:268)
	at org.junit.runners.ParentRunner.run(ParentRunner.java:363)
	at cucumber.runtime.junit.ExamplesRunner.run(ExamplesRunner.java:59)
	at org.junit.runners.Suite.runChild(Suite.java:128)
	at org.junit.runners.Suite.runChild(Suite.java:27)
	at org.junit.runners.ParentRunner$3.run(ParentRunner.java:290)
	at org.junit.runners.ParentRunner$1.schedule(ParentRunner.java:71)
	at org.junit.runners.ParentRunner.runChildren(ParentRunner.java:288)
	at org.junit.runners.ParentRunner.access$000(ParentRunner.java:58)
	at org.junit.runners.ParentRunner$2.evaluate(ParentRunner.java:268)
	at org.junit.runners.ParentRunner.run(ParentRunner.java:363)
	at cucumber.runtime.junit.ScenarioOutlineRunner.run(ScenarioOutlineRunner.java:53)
	at cucumber.runtime.junit.FeatureRunner.runChild(FeatureRunner.java:63)
	at cucumber.runtime.junit.FeatureRunner.runChild(FeatureRunner.java:18)
	at org.junit.runners.ParentRunner$3.run(ParentRunner.java:290)
	at org.junit.runners.ParentRunner$1.schedule(ParentRunner.java:71)
	at org.junit.runners.ParentRunner.runChildren(ParentRunner.java:288)
	at org.junit.runners.ParentRunner.access$000(ParentRunner.java:58)
	at org.junit.runners.ParentRunner$2.evaluate(ParentRunner.java:268)
	at org.junit.runners.ParentRunner.run(ParentRunner.java:363)
	at cucumber.runtime.junit.FeatureRunner.run(FeatureRunner.java:70)
	at cucumber.api.junit.Cucumber.runChild(Cucumber.java:95)
	at cucumber.api.junit.Cucumber.runChild(Cucumber.java:38)
	at org.junit.runners.ParentRunner$3.run(ParentRunner.java:290)
	at org.junit.runners.ParentRunner$1.schedule(ParentRunner.java:71)
	at org.junit.runners.ParentRunner.runChildren(ParentRunner.java:288)
	at org.junit.runners.ParentRunner.access$000(ParentRunner.java:58)
	at org.junit.runners.ParentRunner$2.evaluate(ParentRunner.java:268)
	at org.junit.runners.ParentRunner.run(ParentRunner.java:363)
	at cucumber.api.junit.Cucumber.run(Cucumber.java:100)
	at org.apache.maven.surefire.junit4.JUnit4TestSet.execute(JUnit4TestSet.java:53)
	at org.apache.maven.surefire.junit4.JUnit4Provider.executeTestSet(JUnit4Provider.java:123)
	at org.apache.maven.surefire.junit4.JUnit4Provider.invoke(JUnit4Provider.java:104)
	at sun.reflect.NativeMethodAccessorImpl.invoke0(Native Method)
	at sun.reflect.NativeMethodAccessorImpl.invoke(NativeMethodAccessorImpl.java:62)
	at sun.reflect.DelegatingMethodAccessorImpl.invoke(DelegatingMethodAccessorImpl.java:43)
	at java.lang.reflect.Method.invoke(Method.java:498)
	at org.apache.maven.surefire.util.ReflectionUtils.invokeMethodWithArray(ReflectionUtils.java:164)
	at org.apache.maven.surefire.booter.ProviderFactory$ProviderProxy.invoke(ProviderFactory.java:110)
	at org.apache.maven.surefire.booter.SurefireStarter.invokeProvider(SurefireStarter.java:175)
	at org.apache.maven.surefire.booter.SurefireStarter.runSuitesInProcessWhenForked(SurefireStarter.java:107)
	at org.apache.maven.surefire.booter.ForkedBooter.main(ForkedBooter.java:68)
Caused by: java.lang.reflect.InvocationTargetException
	at sun.reflect.NativeConstructorAccessorImpl.newInstance0(Native Method)
	at sun.reflect.NativeConstructorAccessorImpl.newInstance(NativeConstructorAccessorImpl.java:62)
	at sun.reflect.DelegatingConstructorAccessorImpl.newInstance(DelegatingConstructorAccessorImpl.java:45)
	at java.lang.reflect.Constructor.newInstance(Constructor.java:423)
	at cucumber.runtime.java.DefaultJavaObjectFactory.cacheNewInstance(DefaultJavaObjectFactory.java:41)
	... 56 more
Caused by: java.lang.RuntimeException: Cannot delete or update a parent row: a foreign key constraint fails (`sisres`.`requerimento`, CONSTRAINT `FK_REQUERIMENTO_id_atividade` FOREIGN KEY (`id_atividade`) REFERENCES `atividade` (`ID`))
	at step_definitions.DbUnitUtil.inserirDados(DbUnitUtil.java:115)
	at step_definitions.Atendimento_requerimentoSteps.&lt;init&gt;(Atendimento_requerimentoSteps.java:31)
	... 61 more
Caused by: com.mysql.jdbc.exceptions.jdbc4.MySQLIntegrityConstraintViolationException: Cannot delete or update a parent row: a foreign key constraint fails (`sisres`.`requerimento`, CONSTRAINT `FK_REQUERIMENTO_id_atividade` FOREIGN KEY (`id_atividade`) REFERENCES `atividade` (`ID`))
	at sun.reflect.NativeConstructorAccessorImpl.newInstance0(Native Method)
	at sun.reflect.NativeConstructorAccessorImpl.newInstance(NativeConstructorAccessorImpl.java:62)
	at sun.reflect.DelegatingConstructorAccessorImpl.newInstance(DelegatingConstructorAccessorImpl.java:45)
	at java.lang.reflect.Constructor.newInstance(Constructor.java:423)
	at com.mysql.jdbc.Util.handleNewInstance(Util.java:425)
	at com.mysql.jdbc.Util.getInstance(Util.java:408)
	at com.mysql.jdbc.SQLError.createSQLException(SQLError.java:935)
	at com.mysql.jdbc.MysqlIO.checkErrorPacket(MysqlIO.java:3973)
	at com.mysql.jdbc.MysqlIO.checkErrorPacket(MysqlIO.java:3909)
	at com.mysql.jdbc.MysqlIO.sendCommand(MysqlIO.java:2527)
	at com.mysql.jdbc.MysqlIO.sqlQueryDirect(MysqlIO.java:2680)
	at com.mysql.jdbc.ConnectionImpl.execSQL(ConnectionImpl.java:2486)
	at com.mysql.jdbc.ConnectionImpl.execSQL(ConnectionImpl.java:2444)
	at com.mysql.jdbc.StatementImpl.executeInternal(StatementImpl.java:845)
	at com.mysql.jdbc.StatementImpl.execute(StatementImpl.java:745)
	at org.dbunit.database.statement.SimpleStatement.executeBatch(SimpleStatement.java:69)
	at org.dbunit.operation.DeleteAllOperation.execute(DeleteAllOperation.java:126)
	at org.dbunit.operation.CompositeOperation.execute(CompositeOperation.java:79)
	at step_definitions.DbUnitUtil.inserirDados(DbUnitUtil.java:111)
	... 62 more
</error>
    <system-err>Sun Apr 15 16:17:35 GFT 2018 WARN: Establishing SSL connection without server&apos;s identity verification is not recommended. According to MySQL 5.5.45+, 5.6.26+ and 5.7.6+ requirements SSL connection must be established by default if explicit option isn&apos;t set. For compliance with existing applications not using SSL the verifyServerCertificate property is set to &apos;false&apos;. You need either to explicitly disable SSL by setting useSSL=false, or set useSSL=true and provide truststore for server certificate verification.
SLF4J: Failed to load class &quot;org.slf4j.impl.StaticLoggerBinder&quot;.
SLF4J: Defaulting to no-operation (NOP) logger implementation
SLF4J: See http://www.slf4j.org/codes.html#StaticLoggerBinder for further details.
</system-err>
  </testcase>
  <testcase classname="| \&quot;Informa\u00E7\u00F5es corretas\&quot; |  | \&quot;Aprovar\&quot; | \&quot;Atividade conclu\u00EDda com sucesso!\&quot; |" name="| \&quot;Informa\u00E7\u00F5es corretas\&quot; |  | \&quot;Aprovar\&quot; | \&quot;Atividade conclu\u00EDda com sucesso!\&quot; |" time="0.014">
    <error message="Failed to instantiate class step_definitions.Atendimento_requerimentoSteps" type="cucumber.runtime.CucumberException">cucumber.runtime.CucumberException: Failed to instantiate class step_definitions.Atendimento_requerimentoSteps
	at cucumber.runtime.java.DefaultJavaObjectFactory.cacheNewInstance(DefaultJavaObjectFactory.java:47)
	at cucumber.runtime.java.DefaultJavaObjectFactory.getInstance(DefaultJavaObjectFactory.java:33)
	at cucumber.runtime.java.JavaStepDefinition.execute(JavaStepDefinition.java:38)
	at cucumber.runtime.StepDefinitionMatch.runStep(StepDefinitionMatch.java:37)
	at cucumber.runtime.Runtime.runStep(Runtime.java:300)
	at cucumber.runtime.model.StepContainer.runStep(StepContainer.java:44)
	at cucumber.runtime.model.StepContainer.runSteps(StepContainer.java:39)
	at cucumber.runtime.model.CucumberScenario.run(CucumberScenario.java:44)
	at cucumber.runtime.junit.ExecutionUnitRunner.run(ExecutionUnitRunner.java:102)
	at org.junit.runners.Suite.runChild(Suite.java:128)
	at org.junit.runners.Suite.runChild(Suite.java:27)
	at org.junit.runners.ParentRunner$3.run(ParentRunner.java:290)
	at org.junit.runners.ParentRunner$1.schedule(ParentRunner.java:71)
	at org.junit.runners.ParentRunner.runChildren(ParentRunner.java:288)
	at org.junit.runners.ParentRunner.access$000(ParentRunner.java:58)
	at org.junit.runners.ParentRunner$2.evaluate(ParentRunner.java:268)
	at org.junit.runners.ParentRunner.run(ParentRunner.java:363)
	at cucumber.runtime.junit.ExamplesRunner.run(ExamplesRunner.java:59)
	at org.junit.runners.Suite.runChild(Suite.java:128)
	at org.junit.runners.Suite.runChild(Suite.java:27)
	at org.junit.runners.ParentRunner$3.run(ParentRunner.java:290)
	at org.junit.runners.ParentRunner$1.schedule(ParentRunner.java:71)
	at org.junit.runners.ParentRunner.runChildren(ParentRunner.java:288)
	at org.junit.runners.ParentRunner.access$000(ParentRunner.java:58)
	at org.junit.runners.ParentRunner$2.evaluate(ParentRunner.java:268)
	at org.junit.runners.ParentRunner.run(ParentRunner.java:363)
	at cucumber.runtime.junit.ScenarioOutlineRunner.run(ScenarioOutlineRunner.java:53)
	at cucumber.runtime.junit.FeatureRunner.runChild(FeatureRunner.java:63)
	at cucumber.runtime.junit.FeatureRunner.runChild(FeatureRunner.java:18)
	at org.junit.runners.ParentRunner$3.run(ParentRunner.java:290)
	at org.junit.runners.ParentRunner$1.schedule(ParentRunner.java:71)
	at org.junit.runners.ParentRunner.runChildren(ParentRunner.java:288)
	at org.junit.runners.ParentRunner.access$000(ParentRunner.java:58)
	at org.junit.runners.ParentRunner$2.evaluate(ParentRunner.java:268)
	at org.junit.runners.ParentRunner.run(ParentRunner.java:363)
	at cucumber.runtime.junit.FeatureRunner.run(FeatureRunner.java:70)
	at cucumber.api.junit.Cucumber.runChild(Cucumber.java:95)
	at cucumber.api.junit.Cucumber.runChild(Cucumber.java:38)
	at org.junit.runners.ParentRunner$3.run(ParentRunner.java:290)
	at org.junit.runners.ParentRunner$1.schedule(ParentRunner.java:71)
	at org.junit.runners.ParentRunner.runChildren(ParentRunner.java:288)
	at org.junit.runners.ParentRunner.access$000(ParentRunner.java:58)
	at org.junit.runners.ParentRunner$2.evaluate(ParentRunner.java:268)
	at org.junit.runners.ParentRunner.run(ParentRunner.java:363)
	at cucumber.api.junit.Cucumber.run(Cucumber.java:100)
	at org.apache.maven.surefire.junit4.JUnit4TestSet.execute(JUnit4TestSet.java:53)
	at org.apache.maven.surefire.junit4.JUnit4Provider.executeTestSet(JUnit4Provider.java:123)
	at org.apache.maven.surefire.junit4.JUnit4Provider.invoke(JUnit4Provider.java:104)
	at sun.reflect.NativeMethodAccessorImpl.invoke0(Native Method)
	at sun.reflect.NativeMethodAccessorImpl.invoke(NativeMethodAccessorImpl.java:62)
	at sun.reflect.DelegatingMethodAccessorImpl.invoke(DelegatingMethodAccessorImpl.java:43)
	at java.lang.reflect.Method.invoke(Method.java:498)
	at org.apache.maven.surefire.util.ReflectionUtils.invokeMethodWithArray(ReflectionUtils.java:164)
	at org.apache.maven.surefire.booter.ProviderFactory$ProviderProxy.invoke(ProviderFactory.java:110)
	at org.apache.maven.surefire.booter.SurefireStarter.invokeProvider(SurefireStarter.java:175)
	at org.apache.maven.surefire.booter.SurefireStarter.runSuitesInProcessWhenForked(SurefireStarter.java:107)
	at org.apache.maven.surefire.booter.ForkedBooter.main(ForkedBooter.java:68)
Caused by: java.lang.reflect.InvocationTargetException
	at sun.reflect.NativeConstructorAccessorImpl.newInstance0(Native Method)
	at sun.reflect.NativeConstructorAccessorImpl.newInstance(NativeConstructorAccessorImpl.java:62)
	at sun.reflect.DelegatingConstructorAccessorImpl.newInstance(DelegatingConstructorAccessorImpl.java:45)
	at java.lang.reflect.Constructor.newInstance(Constructor.java:423)
	at cucumber.runtime.java.DefaultJavaObjectFactory.cacheNewInstance(DefaultJavaObjectFactory.java:41)
	... 56 more
Caused by: java.lang.RuntimeException: Cannot delete or update a parent row: a foreign key constraint fails (`sisres`.`requerimento`, CONSTRAINT `FK_REQUERIMENTO_id_atividade` FOREIGN KEY (`id_atividade`) REFERENCES `atividade` (`ID`))
	at step_definitions.DbUnitUtil.inserirDados(DbUnitUtil.java:115)
	at step_definitions.Atendimento_requerimentoSteps.&lt;init&gt;(Atendimento_requerimentoSteps.java:31)
	... 61 more
Caused by: com.mysql.jdbc.exceptions.jdbc4.MySQLIntegrityConstraintViolationException: Cannot delete or update a parent row: a foreign key constraint fails (`sisres`.`requerimento`, CONSTRAINT `FK_REQUERIMENTO_id_atividade` FOREIGN KEY (`id_atividade`) REFERENCES `atividade` (`ID`))
	at sun.reflect.NativeConstructorAccessorImpl.newInstance0(Native Method)
	at sun.reflect.NativeConstructorAccessorImpl.newInstance(NativeConstructorAccessorImpl.java:62)
	at sun.reflect.DelegatingConstructorAccessorImpl.newInstance(DelegatingConstructorAccessorImpl.java:45)
	at java.lang.reflect.Constructor.newInstance(Constructor.java:423)
	at com.mysql.jdbc.Util.handleNewInstance(Util.java:425)
	at com.mysql.jdbc.Util.getInstance(Util.java:408)
	at com.mysql.jdbc.SQLError.createSQLException(SQLError.java:935)
	at com.mysql.jdbc.MysqlIO.checkErrorPacket(MysqlIO.java:3973)
	at com.mysql.jdbc.MysqlIO.checkErrorPacket(MysqlIO.java:3909)
	at com.mysql.jdbc.MysqlIO.sendCommand(MysqlIO.java:2527)
	at com.mysql.jdbc.MysqlIO.sqlQueryDirect(MysqlIO.java:2680)
	at com.mysql.jdbc.ConnectionImpl.execSQL(ConnectionImpl.java:2486)
	at com.mysql.jdbc.ConnectionImpl.execSQL(ConnectionImpl.java:2444)
	at com.mysql.jdbc.StatementImpl.executeInternal(StatementImpl.java:845)
	at com.mysql.jdbc.StatementImpl.execute(StatementImpl.java:745)
	at org.dbunit.database.statement.SimpleStatement.executeBatch(SimpleStatement.java:69)
	at org.dbunit.operation.DeleteAllOperation.execute(DeleteAllOperation.java:126)
	at org.dbunit.operation.CompositeOperation.execute(CompositeOperation.java:79)
	at step_definitions.DbUnitUtil.inserirDados(DbUnitUtil.java:111)
	... 62 more
</error>
  </testcase>
  <testcase classname="| \&quot;Informa\u00E7\u00F5es corretas\&quot; |  | \&quot;Aprovar\&quot; | \&quot;Atividade conclu\u00EDda com sucesso!\&quot; |" name="Quando o responsavel selecionar o requerimento \&quot;Comprovante de matricula\&quot; que deseja dar andamento" time="0.014">
    <skipped/>
  </testcase>
  <testcase classname="| \&quot;Informa\u00E7\u00F5es corretas\&quot; |  | \&quot;Aprovar\&quot; | \&quot;Atividade conclu\u00EDda com sucesso!\&quot; |" name="E informar os seus dados da \&quot;Informa\u00E7\u00F5es corretas\&quot; \u002C anexar  caso necess\u00E1rio e realizar e clicar no botao \&quot;Aprovar\&quot;" time="0.014">
    <skipped/>
  </testcase>
  <testcase classname="| \&quot;Informa\u00E7\u00F5es corretas\&quot; |  | \&quot;Aprovar\&quot; | \&quot;Atividade conclu\u00EDda com sucesso!\&quot; |" name="Entao deve ser exibida a mensagem sobre o fluxo do requerimento \&quot;Atividade conclu\u00EDda com sucesso!\&quot;" time="0.014">
    <skipped/>
  </testcase>
  <testcase classname="| \&quot;O Aluno possui d\u00E9bito na biblioteca\&quot; |  | \&quot;Reprovar\&quot; | \&quot;Atividade reprovada!\&quot; |" name="Dado a tela da fila de requerimentos aberta" time="0"/>
  <testcase classname="| \&quot;O Aluno possui d\u00E9bito na biblioteca\&quot; |  | \&quot;Reprovar\&quot; | \&quot;Atividade reprovada!\&quot; |" name="Quando o responsavel selecionar o requerimento \&quot;Comprovante de matricula\&quot; que deseja dar andamento" time="0.002">
    <error message="Unable to locate element: #atividade\:table_atividade_data
For documentation on this error, please visit: http://seleniumhq.org/exceptions/no_such_element.html
Build info: version: &apos;3.11.0&apos;, revision: &apos;e59cfb3&apos;, time: &apos;2018-03-11T20:26:55.152Z&apos;
System info: host: &apos;DESKTOP-EQP80F8&apos;, ip: &apos;192.168.1.107&apos;, os.name: &apos;Windows 10&apos;, os.arch: &apos;amd64&apos;, os.version: &apos;10.0&apos;, java.version: &apos;1.8.0_151&apos;
Driver info: org.openqa.selenium.firefox.FirefoxDriver
Capabilities {acceptInsecureCerts: true, browserName: firefox, browserVersion: 59.0.2, javascriptEnabled: true, moz:accessibilityChecks: false, moz:headless: false, moz:processID: 16672, moz:profile: C:\Users\natal\AppData\Loca..., moz:useNonSpecCompliantPointerOrigin: false, moz:webdriverClick: true, pageLoadStrategy: normal, platform: XP, platformName: XP, platformVersion: 10.0, rotatable: false, timeouts: {implicit: 0, pageLoad: 300000, script: 30000}}
Session ID: 30a5a679-5311-4ef9-84a7-a642f49fcd0a
*** Element info: {Using=id, value=atividade:table_atividade_data}" type="org.openqa.selenium.NoSuchElementException">org.openqa.selenium.NoSuchElementException: Unable to locate element: #atividade\:table_atividade_data
For documentation on this error, please visit: http://seleniumhq.org/exceptions/no_such_element.html
Build info: version: &apos;3.11.0&apos;, revision: &apos;e59cfb3&apos;, time: &apos;2018-03-11T20:26:55.152Z&apos;
System info: host: &apos;DESKTOP-EQP80F8&apos;, ip: &apos;192.168.1.107&apos;, os.name: &apos;Windows 10&apos;, os.arch: &apos;amd64&apos;, os.version: &apos;10.0&apos;, java.version: &apos;1.8.0_151&apos;
Driver info: org.openqa.selenium.firefox.FirefoxDriver
Capabilities {acceptInsecureCerts: true, browserName: firefox, browserVersion: 59.0.2, javascriptEnabled: true, moz:accessibilityChecks: false, moz:headless: false, moz:processID: 16672, moz:profile: C:\Users\natal\AppData\Loca..., moz:useNonSpecCompliantPointerOrigin: false, moz:webdriverClick: true, pageLoadStrategy: normal, platform: XP, platformName: XP, platformVersion: 10.0, rotatable: false, timeouts: {implicit: 0, pageLoad: 300000, script: 30000}}
Session ID: 30a5a679-5311-4ef9-84a7-a642f49fcd0a
*** Element info: {Using=id, value=atividade:table_atividade_data}
	at sun.reflect.NativeConstructorAccessorImpl.newInstance0(Native Method)
	at sun.reflect.NativeConstructorAccessorImpl.newInstance(NativeConstructorAccessorImpl.java:62)
	at sun.reflect.DelegatingConstructorAccessorImpl.newInstance(DelegatingConstructorAccessorImpl.java:45)
	at java.lang.reflect.Constructor.newInstance(Constructor.java:423)
	at org.openqa.selenium.remote.http.W3CHttpResponseCodec.createException(W3CHttpResponseCodec.java:187)
	at org.openqa.selenium.remote.http.W3CHttpResponseCodec.decode(W3CHttpResponseCodec.java:122)
	at org.openqa.selenium.remote.http.W3CHttpResponseCodec.decode(W3CHttpResponseCodec.java:49)
	at org.openqa.selenium.remote.HttpCommandExecutor.execute(HttpCommandExecutor.java:158)
	at org.openqa.selenium.remote.service.DriverCommandExecutor.execute(DriverCommandExecutor.java:83)
	at org.openqa.selenium.remote.RemoteWebDriver.execute(RemoteWebDriver.java:545)
	at org.openqa.selenium.remote.RemoteWebDriver.findElement(RemoteWebDriver.java:319)
	at org.openqa.selenium.remote.RemoteWebDriver.findElementById(RemoteWebDriver.java:365)
	at org.openqa.selenium.By$ById.findElement(By.java:218)
	at org.openqa.selenium.remote.RemoteWebDriver.findElement(RemoteWebDriver.java:311)
	at step_definitions.Atendimento_requerimentoSteps.o_responsavel_selecionar_o_requerimento_que_deseja_dar_andamento(Atendimento_requerimentoSteps.java:85)
	at ✽.Quando o responsavel selecionar o requerimento &quot;Comprovante de matricula&quot; que deseja dar andamento(src/main/java/features/Atendimento_requerimento.feature:6)
</error>
  </testcase>
  <testcase classname="| \&quot;O Aluno possui d\u00E9bito na biblioteca\&quot; |  | \&quot;Reprovar\&quot; | \&quot;Atividade reprovada!\&quot; |" name="| \&quot;O Aluno possui d\u00E9bito na biblioteca\&quot; |  | \&quot;Reprovar\&quot; | \&quot;Atividade reprovada!\&quot; |" time="0.004">
    <error message="Unable to locate element: #atividade\:table_atividade_data
For documentation on this error, please visit: http://seleniumhq.org/exceptions/no_such_element.html
Build info: version: &apos;3.11.0&apos;, revision: &apos;e59cfb3&apos;, time: &apos;2018-03-11T20:26:55.152Z&apos;
System info: host: &apos;DESKTOP-EQP80F8&apos;, ip: &apos;192.168.1.107&apos;, os.name: &apos;Windows 10&apos;, os.arch: &apos;amd64&apos;, os.version: &apos;10.0&apos;, java.version: &apos;1.8.0_151&apos;
Driver info: org.openqa.selenium.firefox.FirefoxDriver
Capabilities {acceptInsecureCerts: true, browserName: firefox, browserVersion: 59.0.2, javascriptEnabled: true, moz:accessibilityChecks: false, moz:headless: false, moz:processID: 16672, moz:profile: C:\Users\natal\AppData\Loca..., moz:useNonSpecCompliantPointerOrigin: false, moz:webdriverClick: true, pageLoadStrategy: normal, platform: XP, platformName: XP, platformVersion: 10.0, rotatable: false, timeouts: {implicit: 0, pageLoad: 300000, script: 30000}}
Session ID: 30a5a679-5311-4ef9-84a7-a642f49fcd0a
*** Element info: {Using=id, value=atividade:table_atividade_data}" type="org.openqa.selenium.NoSuchElementException">org.openqa.selenium.NoSuchElementException: Unable to locate element: #atividade\:table_atividade_data
For documentation on this error, please visit: http://seleniumhq.org/exceptions/no_such_element.html
Build info: version: &apos;3.11.0&apos;, revision: &apos;e59cfb3&apos;, time: &apos;2018-03-11T20:26:55.152Z&apos;
System info: host: &apos;DESKTOP-EQP80F8&apos;, ip: &apos;192.168.1.107&apos;, os.name: &apos;Windows 10&apos;, os.arch: &apos;amd64&apos;, os.version: &apos;10.0&apos;, java.version: &apos;1.8.0_151&apos;
Driver info: org.openqa.selenium.firefox.FirefoxDriver
Capabilities {acceptInsecureCerts: true, browserName: firefox, browserVersion: 59.0.2, javascriptEnabled: true, moz:accessibilityChecks: false, moz:headless: false, moz:processID: 16672, moz:profile: C:\Users\natal\AppData\Loca..., moz:useNonSpecCompliantPointerOrigin: false, moz:webdriverClick: true, pageLoadStrategy: normal, platform: XP, platformName: XP, platformVersion: 10.0, rotatable: false, timeouts: {implicit: 0, pageLoad: 300000, script: 30000}}
Session ID: 30a5a679-5311-4ef9-84a7-a642f49fcd0a
*** Element info: {Using=id, value=atividade:table_atividade_data}
	at sun.reflect.NativeConstructorAccessorImpl.newInstance0(Native Method)
	at sun.reflect.NativeConstructorAccessorImpl.newInstance(NativeConstructorAccessorImpl.java:62)
	at sun.reflect.DelegatingConstructorAccessorImpl.newInstance(DelegatingConstructorAccessorImpl.java:45)
	at java.lang.reflect.Constructor.newInstance(Constructor.java:423)
	at org.openqa.selenium.remote.http.W3CHttpResponseCodec.createException(W3CHttpResponseCodec.java:187)
	at org.openqa.selenium.remote.http.W3CHttpResponseCodec.decode(W3CHttpResponseCodec.java:122)
	at org.openqa.selenium.remote.http.W3CHttpResponseCodec.decode(W3CHttpResponseCodec.java:49)
	at org.openqa.selenium.remote.HttpCommandExecutor.execute(HttpCommandExecutor.java:158)
	at org.openqa.selenium.remote.service.DriverCommandExecutor.execute(DriverCommandExecutor.java:83)
	at org.openqa.selenium.remote.RemoteWebDriver.execute(RemoteWebDriver.java:545)
	at org.openqa.selenium.remote.RemoteWebDriver.findElement(RemoteWebDriver.java:319)
	at org.openqa.selenium.remote.RemoteWebDriver.findElementById(RemoteWebDriver.java:365)
	at org.openqa.selenium.By$ById.findElement(By.java:218)
	at org.openqa.selenium.remote.RemoteWebDriver.findElement(RemoteWebDriver.java:311)
	at step_definitions.Atendimento_requerimentoSteps.o_responsavel_selecionar_o_requerimento_que_deseja_dar_andamento(Atendimento_requerimentoSteps.java:85)
	at ✽.Quando o responsavel selecionar o requerimento &quot;Comprovante de matricula&quot; que deseja dar andamento(src/main/java/features/Atendimento_requerimento.feature:6)
</error>
  </testcase>
  <testcase classname="| \&quot;O Aluno possui d\u00E9bito na biblioteca\&quot; |  | \&quot;Reprovar\&quot; | \&quot;Atividade reprovada!\&quot; |" name="E informar os seus dados da \&quot;O Aluno possui d\u00E9bito na biblioteca\&quot; \u002C anexar  caso necess\u00E1rio e realizar e clicar no botao \&quot;Reprovar\&quot;" time="0.005">
    <skipped/>
  </testcase>
  <testcase classname="| \&quot;O Aluno possui d\u00E9bito na biblioteca\&quot; |  | \&quot;Reprovar\&quot; | \&quot;Atividade reprovada!\&quot; |" name="Entao deve ser exibida a mensagem sobre o fluxo do requerimento \&quot;Atividade reprovada!\&quot;" time="0.005">
    <skipped/>
  </testcase>
  <testcase classname="| \&quot;D\u00E9bito quitado\&quot; |  | \&quot;Aprovar\&quot; | \&quot;Atividade conclu\u00EDda com sucesso!\&quot; |" name="Dado a tela da fila de requerimentos aberta" time="0"/>
  <testcase classname="| \&quot;D\u00E9bito quitado\&quot; |  | \&quot;Aprovar\&quot; | \&quot;Atividade conclu\u00EDda com sucesso!\&quot; |" name="Quando o responsavel selecionar o requerimento \&quot;Comprovante de matricula\&quot; que deseja dar andamento" time="0">
    <error message="Unable to locate element: #atividade\:table_atividade_data
For documentation on this error, please visit: http://seleniumhq.org/exceptions/no_such_element.html
Build info: version: &apos;3.11.0&apos;, revision: &apos;e59cfb3&apos;, time: &apos;2018-03-11T20:26:55.152Z&apos;
System info: host: &apos;DESKTOP-EQP80F8&apos;, ip: &apos;192.168.1.107&apos;, os.name: &apos;Windows 10&apos;, os.arch: &apos;amd64&apos;, os.version: &apos;10.0&apos;, java.version: &apos;1.8.0_151&apos;
Driver info: org.openqa.selenium.firefox.FirefoxDriver
Capabilities {acceptInsecureCerts: true, browserName: firefox, browserVersion: 59.0.2, javascriptEnabled: true, moz:accessibilityChecks: false, moz:headless: false, moz:processID: 16672, moz:profile: C:\Users\natal\AppData\Loca..., moz:useNonSpecCompliantPointerOrigin: false, moz:webdriverClick: true, pageLoadStrategy: normal, platform: XP, platformName: XP, platformVersion: 10.0, rotatable: false, timeouts: {implicit: 0, pageLoad: 300000, script: 30000}}
Session ID: 30a5a679-5311-4ef9-84a7-a642f49fcd0a
*** Element info: {Using=id, value=atividade:table_atividade_data}" type="org.openqa.selenium.NoSuchElementException">org.openqa.selenium.NoSuchElementException: Unable to locate element: #atividade\:table_atividade_data
For documentation on this error, please visit: http://seleniumhq.org/exceptions/no_such_element.html
Build info: version: &apos;3.11.0&apos;, revision: &apos;e59cfb3&apos;, time: &apos;2018-03-11T20:26:55.152Z&apos;
System info: host: &apos;DESKTOP-EQP80F8&apos;, ip: &apos;192.168.1.107&apos;, os.name: &apos;Windows 10&apos;, os.arch: &apos;amd64&apos;, os.version: &apos;10.0&apos;, java.version: &apos;1.8.0_151&apos;
Driver info: org.openqa.selenium.firefox.FirefoxDriver
Capabilities {acceptInsecureCerts: true, browserName: firefox, browserVersion: 59.0.2, javascriptEnabled: true, moz:accessibilityChecks: false, moz:headless: false, moz:processID: 16672, moz:profile: C:\Users\natal\AppData\Loca..., moz:useNonSpecCompliantPointerOrigin: false, moz:webdriverClick: true, pageLoadStrategy: normal, platform: XP, platformName: XP, platformVersion: 10.0, rotatable: false, timeouts: {implicit: 0, pageLoad: 300000, script: 30000}}
Session ID: 30a5a679-5311-4ef9-84a7-a642f49fcd0a
*** Element info: {Using=id, value=atividade:table_atividade_data}
	at sun.reflect.NativeConstructorAccessorImpl.newInstance0(Native Method)
	at sun.reflect.NativeConstructorAccessorImpl.newInstance(NativeConstructorAccessorImpl.java:62)
	at sun.reflect.DelegatingConstructorAccessorImpl.newInstance(DelegatingConstructorAccessorImpl.java:45)
	at java.lang.reflect.Constructor.newInstance(Constructor.java:423)
	at org.openqa.selenium.remote.http.W3CHttpResponseCodec.createException(W3CHttpResponseCodec.java:187)
	at org.openqa.selenium.remote.http.W3CHttpResponseCodec.decode(W3CHttpResponseCodec.java:122)
	at org.openqa.selenium.remote.http.W3CHttpResponseCodec.decode(W3CHttpResponseCodec.java:49)
	at org.openqa.selenium.remote.HttpCommandExecutor.execute(HttpCommandExecutor.java:158)
	at org.openqa.selenium.remote.service.DriverCommandExecutor.execute(DriverCommandExecutor.java:83)
	at org.openqa.selenium.remote.RemoteWebDriver.execute(RemoteWebDriver.java:545)
	at org.openqa.selenium.remote.RemoteWebDriver.findElement(RemoteWebDriver.java:319)
	at org.openqa.selenium.remote.RemoteWebDriver.findElementById(RemoteWebDriver.java:365)
	at org.openqa.selenium.By$ById.findElement(By.java:218)
	at org.openqa.selenium.remote.RemoteWebDriver.findElement(RemoteWebDriver.java:311)
	at step_definitions.Atendimento_requerimentoSteps.o_responsavel_selecionar_o_requerimento_que_deseja_dar_andamento(Atendimento_requerimentoSteps.java:85)
	at ✽.Quando o responsavel selecionar o requerimento &quot;Comprovante de matricula&quot; que deseja dar andamento(src/main/java/features/Atendimento_requerimento.feature:6)
</error>
  </testcase>
  <testcase classname="| \&quot;D\u00E9bito quitado\&quot; |  | \&quot;Aprovar\&quot; | \&quot;Atividade conclu\u00EDda com sucesso!\&quot; |" name="| \&quot;D\u00E9bito quitado\&quot; |  | \&quot;Aprovar\&quot; | \&quot;Atividade conclu\u00EDda com sucesso!\&quot; |" time="0.005">
    <error message="Unable to locate element: #atividade\:table_atividade_data
For documentation on this error, please visit: http://seleniumhq.org/exceptions/no_such_element.html
Build info: version: &apos;3.11.0&apos;, revision: &apos;e59cfb3&apos;, time: &apos;2018-03-11T20:26:55.152Z&apos;
System info: host: &apos;DESKTOP-EQP80F8&apos;, ip: &apos;192.168.1.107&apos;, os.name: &apos;Windows 10&apos;, os.arch: &apos;amd64&apos;, os.version: &apos;10.0&apos;, java.version: &apos;1.8.0_151&apos;
Driver info: org.openqa.selenium.firefox.FirefoxDriver
Capabilities {acceptInsecureCerts: true, browserName: firefox, browserVersion: 59.0.2, javascriptEnabled: true, moz:accessibilityChecks: false, moz:headless: false, moz:processID: 16672, moz:profile: C:\Users\natal\AppData\Loca..., moz:useNonSpecCompliantPointerOrigin: false, moz:webdriverClick: true, pageLoadStrategy: normal, platform: XP, platformName: XP, platformVersion: 10.0, rotatable: false, timeouts: {implicit: 0, pageLoad: 300000, script: 30000}}
Session ID: 30a5a679-5311-4ef9-84a7-a642f49fcd0a
*** Element info: {Using=id, value=atividade:table_atividade_data}" type="org.openqa.selenium.NoSuchElementException">org.openqa.selenium.NoSuchElementException: Unable to locate element: #atividade\:table_atividade_data
For documentation on this error, please visit: http://seleniumhq.org/exceptions/no_such_element.html
Build info: version: &apos;3.11.0&apos;, revision: &apos;e59cfb3&apos;, time: &apos;2018-03-11T20:26:55.152Z&apos;
System info: host: &apos;DESKTOP-EQP80F8&apos;, ip: &apos;192.168.1.107&apos;, os.name: &apos;Windows 10&apos;, os.arch: &apos;amd64&apos;, os.version: &apos;10.0&apos;, java.version: &apos;1.8.0_151&apos;
Driver info: org.openqa.selenium.firefox.FirefoxDriver
Capabilities {acceptInsecureCerts: true, browserName: firefox, browserVersion: 59.0.2, javascriptEnabled: true, moz:accessibilityChecks: false, moz:headless: false, moz:processID: 16672, moz:profile: C:\Users\natal\AppData\Loca..., moz:useNonSpecCompliantPointerOrigin: false, moz:webdriverClick: true, pageLoadStrategy: normal, platform: XP, platformName: XP, platformVersion: 10.0, rotatable: false, timeouts: {implicit: 0, pageLoad: 300000, script: 30000}}
Session ID: 30a5a679-5311-4ef9-84a7-a642f49fcd0a
*** Element info: {Using=id, value=atividade:table_atividade_data}
	at sun.reflect.NativeConstructorAccessorImpl.newInstance0(Native Method)
	at sun.reflect.NativeConstructorAccessorImpl.newInstance(NativeConstructorAccessorImpl.java:62)
	at sun.reflect.DelegatingConstructorAccessorImpl.newInstance(DelegatingConstructorAccessorImpl.java:45)
	at java.lang.reflect.Constructor.newInstance(Constructor.java:423)
	at org.openqa.selenium.remote.http.W3CHttpResponseCodec.createException(W3CHttpResponseCodec.java:187)
	at org.openqa.selenium.remote.http.W3CHttpResponseCodec.decode(W3CHttpResponseCodec.java:122)
	at org.openqa.selenium.remote.http.W3CHttpResponseCodec.decode(W3CHttpResponseCodec.java:49)
	at org.openqa.selenium.remote.HttpCommandExecutor.execute(HttpCommandExecutor.java:158)
	at org.openqa.selenium.remote.service.DriverCommandExecutor.execute(DriverCommandExecutor.java:83)
	at org.openqa.selenium.remote.RemoteWebDriver.execute(RemoteWebDriver.java:545)
	at org.openqa.selenium.remote.RemoteWebDriver.findElement(RemoteWebDriver.java:319)
	at org.openqa.selenium.remote.RemoteWebDriver.findElementById(RemoteWebDriver.java:365)
	at org.openqa.selenium.By$ById.findElement(By.java:218)
	at org.openqa.selenium.remote.RemoteWebDriver.findElement(RemoteWebDriver.java:311)
	at step_definitions.Atendimento_requerimentoSteps.o_responsavel_selecionar_o_requerimento_que_deseja_dar_andamento(Atendimento_requerimentoSteps.java:85)
	at ✽.Quando o responsavel selecionar o requerimento &quot;Comprovante de matricula&quot; que deseja dar andamento(src/main/java/features/Atendimento_requerimento.feature:6)
</error>
  </testcase>
  <testcase classname="| \&quot;D\u00E9bito quitado\&quot; |  | \&quot;Aprovar\&quot; | \&quot;Atividade conclu\u00EDda com sucesso!\&quot; |" name="E informar os seus dados da \&quot;D\u00E9bito quitado\&quot; \u002C anexar  caso necess\u00E1rio e realizar e clicar no botao \&quot;Aprovar\&quot;" time="0.005">
    <skipped/>
  </testcase>
  <testcase classname="| \&quot;D\u00E9bito quitado\&quot; |  | \&quot;Aprovar\&quot; | \&quot;Atividade conclu\u00EDda com sucesso!\&quot; |" name="Entao deve ser exibida a mensagem sobre o fluxo do requerimento \&quot;Atividade conclu\u00EDda com sucesso!\&quot;" time="0.005">
    <skipped/>
  </testcase>
  <testcase classname="| \&quot;Comprovante de matr\u00EDcula gerado\&quot; |  | \&quot;Aprovar\&quot; | \&quot;Atividade conclu\u00EDda com sucesso!\&quot; |" name="Dado a tela da fila de requerimentos aberta" time="0"/>
  <testcase classname="| \&quot;Comprovante de matr\u00EDcula gerado\&quot; |  | \&quot;Aprovar\&quot; | \&quot;Atividade conclu\u00EDda com sucesso!\&quot; |" name="Quando o responsavel selecionar o requerimento \&quot;Comprovante de matricula\&quot; que deseja dar andamento" time="0.001">
    <error message="Unable to locate element: #atividade\:table_atividade_data
For documentation on this error, please visit: http://seleniumhq.org/exceptions/no_such_element.html
Build info: version: &apos;3.11.0&apos;, revision: &apos;e59cfb3&apos;, time: &apos;2018-03-11T20:26:55.152Z&apos;
System info: host: &apos;DESKTOP-EQP80F8&apos;, ip: &apos;192.168.1.107&apos;, os.name: &apos;Windows 10&apos;, os.arch: &apos;amd64&apos;, os.version: &apos;10.0&apos;, java.version: &apos;1.8.0_151&apos;
Driver info: org.openqa.selenium.firefox.FirefoxDriver
Capabilities {acceptInsecureCerts: true, browserName: firefox, browserVersion: 59.0.2, javascriptEnabled: true, moz:accessibilityChecks: false, moz:headless: false, moz:processID: 16672, moz:profile: C:\Users\natal\AppData\Loca..., moz:useNonSpecCompliantPointerOrigin: false, moz:webdriverClick: true, pageLoadStrategy: normal, platform: XP, platformName: XP, platformVersion: 10.0, rotatable: false, timeouts: {implicit: 0, pageLoad: 300000, script: 30000}}
Session ID: 30a5a679-5311-4ef9-84a7-a642f49fcd0a
*** Element info: {Using=id, value=atividade:table_atividade_data}" type="org.openqa.selenium.NoSuchElementException">org.openqa.selenium.NoSuchElementException: Unable to locate element: #atividade\:table_atividade_data
For documentation on this error, please visit: http://seleniumhq.org/exceptions/no_such_element.html
Build info: version: &apos;3.11.0&apos;, revision: &apos;e59cfb3&apos;, time: &apos;2018-03-11T20:26:55.152Z&apos;
System info: host: &apos;DESKTOP-EQP80F8&apos;, ip: &apos;192.168.1.107&apos;, os.name: &apos;Windows 10&apos;, os.arch: &apos;amd64&apos;, os.version: &apos;10.0&apos;, java.version: &apos;1.8.0_151&apos;
Driver info: org.openqa.selenium.firefox.FirefoxDriver
Capabilities {acceptInsecureCerts: true, browserName: firefox, browserVersion: 59.0.2, javascriptEnabled: true, moz:accessibilityChecks: false, moz:headless: false, moz:processID: 16672, moz:profile: C:\Users\natal\AppData\Loca..., moz:useNonSpecCompliantPointerOrigin: false, moz:webdriverClick: true, pageLoadStrategy: normal, platform: XP, platformName: XP, platformVersion: 10.0, rotatable: false, timeouts: {implicit: 0, pageLoad: 300000, script: 30000}}
Session ID: 30a5a679-5311-4ef9-84a7-a642f49fcd0a
*** Element info: {Using=id, value=atividade:table_atividade_data}
	at sun.reflect.NativeConstructorAccessorImpl.newInstance0(Native Method)
	at sun.reflect.NativeConstructorAccessorImpl.newInstance(NativeConstructorAccessorImpl.java:62)
	at sun.reflect.DelegatingConstructorAccessorImpl.newInstance(DelegatingConstructorAccessorImpl.java:45)
	at java.lang.reflect.Constructor.newInstance(Constructor.java:423)
	at org.openqa.selenium.remote.http.W3CHttpResponseCodec.createException(W3CHttpResponseCodec.java:187)
	at org.openqa.selenium.remote.http.W3CHttpResponseCodec.decode(W3CHttpResponseCodec.java:122)
	at org.openqa.selenium.remote.http.W3CHttpResponseCodec.decode(W3CHttpResponseCodec.java:49)
	at org.openqa.selenium.remote.HttpCommandExecutor.execute(HttpCommandExecutor.java:158)
	at org.openqa.selenium.remote.service.DriverCommandExecutor.execute(DriverCommandExecutor.java:83)
	at org.openqa.selenium.remote.RemoteWebDriver.execute(RemoteWebDriver.java:545)
	at org.openqa.selenium.remote.RemoteWebDriver.findElement(RemoteWebDriver.java:319)
	at org.openqa.selenium.remote.RemoteWebDriver.findElementById(RemoteWebDriver.java:365)
	at org.openqa.selenium.By$ById.findElement(By.java:218)
	at org.openqa.selenium.remote.RemoteWebDriver.findElement(RemoteWebDriver.java:311)
	at step_definitions.Atendimento_requerimentoSteps.o_responsavel_selecionar_o_requerimento_que_deseja_dar_andamento(Atendimento_requerimentoSteps.java:85)
	at ✽.Quando o responsavel selecionar o requerimento &quot;Comprovante de matricula&quot; que deseja dar andamento(src/main/java/features/Atendimento_requerimento.feature:6)
</error>
  </testcase>
  <testcase classname="| \&quot;Comprovante de matr\u00EDcula gerado\&quot; |  | \&quot;Aprovar\&quot; | \&quot;Atividade conclu\u00EDda com sucesso!\&quot; |" name="| \&quot;Comprovante de matr\u00EDcula gerado\&quot; |  | \&quot;Aprovar\&quot; | \&quot;Atividade conclu\u00EDda com sucesso!\&quot; |" time="0.001">
    <error message="Unable to locate element: #atividade\:table_atividade_data
For documentation on this error, please visit: http://seleniumhq.org/exceptions/no_such_element.html
Build info: version: &apos;3.11.0&apos;, revision: &apos;e59cfb3&apos;, time: &apos;2018-03-11T20:26:55.152Z&apos;
System info: host: &apos;DESKTOP-EQP80F8&apos;, ip: &apos;192.168.1.107&apos;, os.name: &apos;Windows 10&apos;, os.arch: &apos;amd64&apos;, os.version: &apos;10.0&apos;, java.version: &apos;1.8.0_151&apos;
Driver info: org.openqa.selenium.firefox.FirefoxDriver
Capabilities {acceptInsecureCerts: true, browserName: firefox, browserVersion: 59.0.2, javascriptEnabled: true, moz:accessibilityChecks: false, moz:headless: false, moz:processID: 16672, moz:profile: C:\Users\natal\AppData\Loca..., moz:useNonSpecCompliantPointerOrigin: false, moz:webdriverClick: true, pageLoadStrategy: normal, platform: XP, platformName: XP, platformVersion: 10.0, rotatable: false, timeouts: {implicit: 0, pageLoad: 300000, script: 30000}}
Session ID: 30a5a679-5311-4ef9-84a7-a642f49fcd0a
*** Element info: {Using=id, value=atividade:table_atividade_data}" type="org.openqa.selenium.NoSuchElementException">org.openqa.selenium.NoSuchElementException: Unable to locate element: #atividade\:table_atividade_data
For documentation on this error, please visit: http://seleniumhq.org/exceptions/no_such_element.html
Build info: version: &apos;3.11.0&apos;, revision: &apos;e59cfb3&apos;, time: &apos;2018-03-11T20:26:55.152Z&apos;
System info: host: &apos;DESKTOP-EQP80F8&apos;, ip: &apos;192.168.1.107&apos;, os.name: &apos;Windows 10&apos;, os.arch: &apos;amd64&apos;, os.version: &apos;10.0&apos;, java.version: &apos;1.8.0_151&apos;
Driver info: org.openqa.selenium.firefox.FirefoxDriver
Capabilities {acceptInsecureCerts: true, browserName: firefox, browserVersion: 59.0.2, javascriptEnabled: true, moz:accessibilityChecks: false, moz:headless: false, moz:processID: 16672, moz:profile: C:\Users\natal\AppData\Loca..., moz:useNonSpecCompliantPointerOrigin: false, moz:webdriverClick: true, pageLoadStrategy: normal, platform: XP, platformName: XP, platformVersion: 10.0, rotatable: false, timeouts: {implicit: 0, pageLoad: 300000, script: 30000}}
Session ID: 30a5a679-5311-4ef9-84a7-a642f49fcd0a
*** Element info: {Using=id, value=atividade:table_atividade_data}
	at sun.reflect.NativeConstructorAccessorImpl.newInstance0(Native Method)
	at sun.reflect.NativeConstructorAccessorImpl.newInstance(NativeConstructorAccessorImpl.java:62)
	at sun.reflect.DelegatingConstructorAccessorImpl.newInstance(DelegatingConstructorAccessorImpl.java:45)
	at java.lang.reflect.Constructor.newInstance(Constructor.java:423)
	at org.openqa.selenium.remote.http.W3CHttpResponseCodec.createException(W3CHttpResponseCodec.java:187)
	at org.openqa.selenium.remote.http.W3CHttpResponseCodec.decode(W3CHttpResponseCodec.java:122)
	at org.openqa.selenium.remote.http.W3CHttpResponseCodec.decode(W3CHttpResponseCodec.java:49)
	at org.openqa.selenium.remote.HttpCommandExecutor.execute(HttpCommandExecutor.java:158)
	at org.openqa.selenium.remote.service.DriverCommandExecutor.execute(DriverCommandExecutor.java:83)
	at org.openqa.selenium.remote.RemoteWebDriver.execute(RemoteWebDriver.java:545)
	at org.openqa.selenium.remote.RemoteWebDriver.findElement(RemoteWebDriver.java:319)
	at org.openqa.selenium.remote.RemoteWebDriver.findElementById(RemoteWebDriver.java:365)
	at org.openqa.selenium.By$ById.findElement(By.java:218)
	at org.openqa.selenium.remote.RemoteWebDriver.findElement(RemoteWebDriver.java:311)
	at step_definitions.Atendimento_requerimentoSteps.o_responsavel_selecionar_o_requerimento_que_deseja_dar_andamento(Atendimento_requerimentoSteps.java:85)
	at ✽.Quando o responsavel selecionar o requerimento &quot;Comprovante de matricula&quot; que deseja dar andamento(src/main/java/features/Atendimento_requerimento.feature:6)
</error>
  </testcase>
  <testcase classname="| \&quot;Comprovante de matr\u00EDcula gerado\&quot; |  | \&quot;Aprovar\&quot; | \&quot;Atividade conclu\u00EDda com sucesso!\&quot; |" name="E informar os seus dados da \&quot;Comprovante de matr\u00EDcula gerado\&quot; \u002C anexar  caso necess\u00E1rio e realizar e clicar no botao \&quot;Aprovar\&quot;" time="0.001">
    <skipped/>
  </testcase>
  <testcase classname="| \&quot;Comprovante de matr\u00EDcula gerado\&quot; |  | \&quot;Aprovar\&quot; | \&quot;Atividade conclu\u00EDda com sucesso!\&quot; |" name="Entao deve ser exibida a mensagem sobre o fluxo do requerimento \&quot;Atividade conclu\u00EDda com sucesso!\&quot;" time="0.001">
    <skipped/>
  </testcase>
</testsuite>