<?xml version="1.0" encoding="UTF-8" ?>
<testsuite tests="25" failures="0" name="RunTests" time="55.308" errors="0" skipped="0">
  <properties>
[...]
</properties>
  <testcase classname="| \&quot;Informa\u00E7\u00F5es corretas\&quot; |  | \&quot;Aprovar\&quot; | \&quot;Atividade conclu\u00EDda com sucesso!\&quot; |" name="Dado a tela da fila de requerimentos aberta" time="0"/>
  <testcase classname="| \&quot;Informa\u00E7\u00F5es corretas\&quot; |  | \&quot;Aprovar\&quot; | \&quot;Atividade conclu\u00EDda com sucesso!\&quot; |" name="Quando o responsavel selecionar o requerimento \&quot;Comprovante de matricula\&quot; que deseja dar andamento" time="0"/>
  <testcase classname="| \&quot;Informa\u00E7\u00F5es corretas\&quot; |  | \&quot;Aprovar\&quot; | \&quot;Atividade conclu\u00EDda com sucesso!\&quot; |" name="E informar os seus dados da \&quot;Informa\u00E7\u00F5es corretas\&quot; \u002C anexar  caso necess\u00E1rio e realizar e clicar no botao \&quot;Aprovar\&quot;" time="0"/>
  <testcase classname="| \&quot;Informa\u00E7\u00F5es corretas\&quot; |  | \&quot;Aprovar\&quot; | \&quot;Atividade conclu\u00EDda com sucesso!\&quot; |" name="Entao deve ser exibida a mensagem sobre o fluxo do requerimento \&quot;Atividade conclu\u00EDda com sucesso!\&quot;" time="0"/>
  <testcase classname="| \&quot;Informa\u00E7\u00F5es corretas\&quot; |  | \&quot;Aprovar\&quot; | \&quot;Atividade conclu\u00EDda com sucesso!\&quot; |" name="| \&quot;Informa\u00E7\u00F5es corretas\&quot; |  | \&quot;Aprovar\&quot; | \&quot;Atividade conclu\u00EDda com sucesso!\&quot; |" time="0.001"/>
  <testcase classname="| \&quot;O Aluno possui d\u00E9bito na biblioteca\&quot; |  | \&quot;Reprovar\&quot; | \&quot;Atividade reprovada!\&quot; |" name="Dado a tela da fila de requerimentos aberta" time="0"/>
  <testcase classname="| \&quot;O Aluno possui d\u00E9bito na biblioteca\&quot; |  | \&quot;Reprovar\&quot; | \&quot;Atividade reprovada!\&quot; |" name="Quando o responsavel selecionar o requerimento \&quot;Comprovante de matricula\&quot; que deseja dar andamento" time="0"/>
  <testcase classname="| \&quot;O Aluno possui d\u00E9bito na biblioteca\&quot; |  | \&quot;Reprovar\&quot; | \&quot;Atividade reprovada!\&quot; |" name="E informar os seus dados da \&quot;O Aluno possui d\u00E9bito na biblioteca\&quot; \u002C anexar  caso necess\u00E1rio e realizar e clicar no botao \&quot;Reprovar\&quot;" time="0"/>
  <testcase classname="| \&quot;O Aluno possui d\u00E9bito na biblioteca\&quot; |  | \&quot;Reprovar\&quot; | \&quot;Atividade reprovada!\&quot; |" name="Entao deve ser exibida a mensagem sobre o fluxo do requerimento \&quot;Atividade reprovada!\&quot;" time="0"/>
  <testcase classname="| \&quot;O Aluno possui d\u00E9bito na biblioteca\&quot; |  | \&quot;Reprovar\&quot; | \&quot;Atividade reprovada!\&quot; |" name="| \&quot;O Aluno possui d\u00E9bito na biblioteca\&quot; |  | \&quot;Reprovar\&quot; | \&quot;Atividade reprovada!\&quot; |" time="0"/>
  <testcase classname="| \&quot;D\u00E9bito quitado\&quot; |  | \&quot;Aprovar\&quot; | \&quot;Atividade conclu\u00EDda com sucesso!\&quot; |" name="Dado a tela da fila de requerimentos aberta" time="0"/>
  <testcase classname="| \&quot;D\u00E9bito quitado\&quot; |  | \&quot;Aprovar\&quot; | \&quot;Atividade conclu\u00EDda com sucesso!\&quot; |" name="Quando o responsavel selecionar o requerimento \&quot;Comprovante de matricula\&quot; que deseja dar andamento" time="0"/>
  <testcase classname="| \&quot;D\u00E9bito quitado\&quot; |  | \&quot;Aprovar\&quot; | \&quot;Atividade conclu\u00EDda com sucesso!\&quot; |" name="E informar os seus dados da \&quot;D\u00E9bito quitado\&quot; \u002C anexar  caso necess\u00E1rio e realizar e clicar no botao \&quot;Aprovar\&quot;" time="0"/>
  <testcase classname="| \&quot;D\u00E9bito quitado\&quot; |  | \&quot;Aprovar\&quot; | \&quot;Atividade conclu\u00EDda com sucesso!\&quot; |" name="Entao deve ser exibida a mensagem sobre o fluxo do requerimento \&quot;Atividade conclu\u00EDda com sucesso!\&quot;" time="0"/>
  <testcase classname="| \&quot;D\u00E9bito quitado\&quot; |  | \&quot;Aprovar\&quot; | \&quot;Atividade conclu\u00EDda com sucesso!\&quot; |" name="| \&quot;D\u00E9bito quitado\&quot; |  | \&quot;Aprovar\&quot; | \&quot;Atividade conclu\u00EDda com sucesso!\&quot; |" time="0.001"/>
  <testcase classname="| \&quot;Ok!\&quot; |  | \&quot;Aprovar\&quot; | \&quot;Atividade conclu\u00EDda com sucesso!\&quot; |" name="Dado a tela da fila de requerimentos aberta" time="0"/>
  <testcase classname="| \&quot;Ok!\&quot; |  | \&quot;Aprovar\&quot; | \&quot;Atividade conclu\u00EDda com sucesso!\&quot; |" name="Quando o responsavel selecionar o requerimento \&quot;Comprovante de matricula\&quot; que deseja dar andamento" time="0"/>
  <testcase classname="| \&quot;Ok!\&quot; |  | \&quot;Aprovar\&quot; | \&quot;Atividade conclu\u00EDda com sucesso!\&quot; |" name="E informar os seus dados da \&quot;Ok!\&quot; \u002C anexar  caso necess\u00E1rio e realizar e clicar no botao \&quot;Aprovar\&quot;" time="0"/>
  <testcase classname="| \&quot;Ok!\&quot; |  | \&quot;Aprovar\&quot; | \&quot;Atividade conclu\u00EDda com sucesso!\&quot; |" name="Entao deve ser exibida a mensagem sobre o fluxo do requerimento \&quot;Atividade conclu\u00EDda com sucesso!\&quot;" time="0"/>
  <testcase classname="| \&quot;Ok!\&quot; |  | \&quot;Aprovar\&quot; | \&quot;Atividade conclu\u00EDda com sucesso!\&quot; |" name="| \&quot;Ok!\&quot; |  | \&quot;Aprovar\&quot; | \&quot;Atividade conclu\u00EDda com sucesso!\&quot; |" time="0"/>
  <testcase classname="| \&quot;Comprovante de matr\u00EDcula gerado\&quot; |  | \&quot;Aprovar\&quot; | \&quot;Atividade conclu\u00EDda com sucesso!\&quot; |" name="Dado a tela da fila de requerimentos aberta" time="0"/>
  <testcase classname="| \&quot;Comprovante de matr\u00EDcula gerado\&quot; |  | \&quot;Aprovar\&quot; | \&quot;Atividade conclu\u00EDda com sucesso!\&quot; |" name="Quando o responsavel selecionar o requerimento \&quot;Comprovante de matricula\&quot; que deseja dar andamento" time="0"/>
  <testcase classname="| \&quot;Comprovante de matr\u00EDcula gerado\&quot; |  | \&quot;Aprovar\&quot; | \&quot;Atividade conclu\u00EDda com sucesso!\&quot; |" name="E informar os seus dados da \&quot;Comprovante de matr\u00EDcula gerado\&quot; \u002C anexar  caso necess\u00E1rio e realizar e clicar no botao \&quot;Aprovar\&quot;" time="0"/>
  <testcase classname="| \&quot;Comprovante de matr\u00EDcula gerado\&quot; |  | \&quot;Aprovar\&quot; | \&quot;Atividade conclu\u00EDda com sucesso!\&quot; |" name="Entao deve ser exibida a mensagem sobre o fluxo do requerimento \&quot;Atividade conclu\u00EDda com sucesso!\&quot;" time="0"/>
  <testcase classname="| \&quot;Comprovante de matr\u00EDcula gerado\&quot; |  | \&quot;Aprovar\&quot; | \&quot;Atividade conclu\u00EDda com sucesso!\&quot; |" name="| \&quot;Comprovante de matr\u00EDcula gerado\&quot; |  | \&quot;Aprovar\&quot; | \&quot;Atividade conclu\u00EDda com sucesso!\&quot; |" time="0"/>
</testsuite>