<?xml version="1.0" encoding="UTF-8" ?>
<testsuite tests="34" failures="0" name="RunTests" time="49.363" errors="0" skipped="0">
  <properties>
[...]
</properties>
  <testcase classname="| \&quot;25\/12\/2017\&quot; | \&quot;Natal\&quot; |" name="Dado a tela inicial de feriados aberta" time="0"/>
  <testcase classname="| \&quot;25\/12\/2017\&quot; | \&quot;Natal\&quot; |" name="Quando o administrador informar a \&quot;25\/12\/2017\&quot; e o \&quot;Natal\&quot; do feriado" time="0.015"/>
  <testcase classname="| \&quot;25\/12\/2017\&quot; | \&quot;Natal\&quot; |" name="Entao deve ser exibida a mensagem para o feriado \&quot;Feriado cadastrado com Sucesso!\&quot;" time="0"/>
  <testcase classname="| \&quot;25\/12\/2017\&quot; | \&quot;Natal\&quot; |" name="| \&quot;25\/12\/2017\&quot; | \&quot;Natal\&quot; |" time="0"/>
  <testcase classname="| \&quot;1\/05\/2017\&quot; | \&quot;Dia do Trabalhador\&quot; |" name="Dado a tela inicial de feriados aberta" time="0"/>
  <testcase classname="| \&quot;1\/05\/2017\&quot; | \&quot;Dia do Trabalhador\&quot; |" name="Quando o administrador informar a \&quot;1\/05\/2017\&quot; e o \&quot;Dia do Trabalhador\&quot; do feriado" time="0"/>
  <testcase classname="| \&quot;1\/05\/2017\&quot; | \&quot;Dia do Trabalhador\&quot; |" name="Entao deve ser exibida a mensagem para o feriado \&quot;Feriado cadastrado com Sucesso!\&quot;" time="0"/>
  <testcase classname="| \&quot;1\/05\/2017\&quot; | \&quot;Dia do Trabalhador\&quot; |" name="| \&quot;1\/05\/2017\&quot; | \&quot;Dia do Trabalhador\&quot; |" time="0"/>
  <testcase classname="| \&quot;2\/11\/2017\&quot; | \&quot;Finados\&quot; |" name="Dado a tela inicial de feriados aberta" time="0"/>
  <testcase classname="| \&quot;2\/11\/2017\&quot; | \&quot;Finados\&quot; |" name="Quando o administrador informar a \&quot;2\/11\/2017\&quot; e o \&quot;Finados\&quot; do feriado" time="0"/>
  <testcase classname="| \&quot;2\/11\/2017\&quot; | \&quot;Finados\&quot; |" name="Entao deve ser exibida a mensagem para o feriado \&quot;Feriado cadastrado com Sucesso!\&quot;" time="0"/>
  <testcase classname="| \&quot;2\/11\/2017\&quot; | \&quot;Finados\&quot; |" name="| \&quot;2\/11\/2017\&quot; | \&quot;Finados\&quot; |" time="0"/>
  <testcase classname="| \&quot;Dia do Trabalhador\&quot; | \&quot;2\/06\/2017\&quot; | \&quot;Dia do Trabalhador\&quot; |" name="Dado a tela inicial de feriados aberta" time="0"/>
  <testcase classname="| \&quot;Dia do Trabalhador\&quot; | \&quot;2\/06\/2017\&quot; | \&quot;Dia do Trabalhador\&quot; |" name="E o administrador deve selecionar o registro \&quot;Dia do Trabalhador\&quot; que deseja alterar" time="0"/>
  <testcase classname="| \&quot;Dia do Trabalhador\&quot; | \&quot;2\/06\/2017\&quot; | \&quot;Dia do Trabalhador\&quot; |" name="Quando o administrador informar a \&quot;2\/06\/2017\&quot; e o \&quot;Dia do Trabalhador\&quot; do feriado para atualiza\u00E7\u00E3o" time="0"/>
  <testcase classname="| \&quot;Dia do Trabalhador\&quot; | \&quot;2\/06\/2017\&quot; | \&quot;Dia do Trabalhador\&quot; |" name="Entao deve ser exibida a mensagem para o feriado \&quot;Feriado alterado com Sucesso!\&quot;" time="0"/>
  <testcase classname="| \&quot;Dia do Trabalhador\&quot; | \&quot;2\/06\/2017\&quot; | \&quot;Dia do Trabalhador\&quot; |" name="| \&quot;Dia do Trabalhador\&quot; | \&quot;2\/06\/2017\&quot; | \&quot;Dia do Trabalhador\&quot; |" time="0"/>
  <testcase classname="| \&quot;Finados\&quot; | \&quot;2\/11\/2017\&quot; | \&quot;Dia de Finados\&quot; |" name="Dado a tela inicial de feriados aberta" time="0"/>
  <testcase classname="| \&quot;Finados\&quot; | \&quot;2\/11\/2017\&quot; | \&quot;Dia de Finados\&quot; |" name="E o administrador deve selecionar o registro \&quot;Finados\&quot; que deseja alterar" time="0"/>
  <testcase classname="| \&quot;Finados\&quot; | \&quot;2\/11\/2017\&quot; | \&quot;Dia de Finados\&quot; |" name="Quando o administrador informar a \&quot;2\/11\/2017\&quot; e o \&quot;Dia de Finados\&quot; do feriado para atualiza\u00E7\u00E3o" time="0"/>
  <testcase classname="| \&quot;Finados\&quot; | \&quot;2\/11\/2017\&quot; | \&quot;Dia de Finados\&quot; |" name="Entao deve ser exibida a mensagem para o feriado \&quot;Feriado alterado com Sucesso!\&quot;" time="0"/>
  <testcase classname="| \&quot;Finados\&quot; | \&quot;2\/11\/2017\&quot; | \&quot;Dia de Finados\&quot; |" name="| \&quot;Finados\&quot; | \&quot;2\/11\/2017\&quot; | \&quot;Dia de Finados\&quot; |" time="0"/>
  <testcase classname="| \&quot;Dia do Trabalhador\&quot; |" name="Dado a tela inicial de feriados aberta" time="0"/>
  <testcase classname="| \&quot;Dia do Trabalhador\&quot; |" name="Quando o administrador deve selecionar o registro \&quot;Dia do Trabalhador\&quot; que deseja remover" time="0"/>
  <testcase classname="| \&quot;Dia do Trabalhador\&quot; |" name="Entao deve ser exibida a mensagem para o feriado \&quot;Feriado removido com Sucesso!\&quot;" time="0"/>
  <testcase classname="| \&quot;Dia do Trabalhador\&quot; |" name="| \&quot;Dia do Trabalhador\&quot; |" time="0"/>
  <testcase classname="| \&quot;Dia de Finados\&quot; |" name="Dado a tela inicial de feriados aberta" time="0"/>
  <testcase classname="| \&quot;Dia de Finados\&quot; |" name="Quando o administrador deve selecionar o registro \&quot;Dia de Finados\&quot; que deseja remover" time="0"/>
  <testcase classname="| \&quot;Dia de Finados\&quot; |" name="Entao deve ser exibida a mensagem para o feriado \&quot;Feriado removido com Sucesso!\&quot;" time="0"/>
  <testcase classname="| \&quot;Dia de Finados\&quot; |" name="| \&quot;Dia de Finados\&quot; |" time="0"/>
  <testcase classname="| \&quot;Natal\&quot; |" name="Dado a tela inicial de feriados aberta" time="0"/>
  <testcase classname="| \&quot;Natal\&quot; |" name="Quando o administrador deve selecionar o registro \&quot;Natal\&quot; que deseja remover" time="0"/>
  <testcase classname="| \&quot;Natal\&quot; |" name="Entao deve ser exibida a mensagem para o feriado \&quot;Feriado removido com Sucesso!\&quot;" time="0"/>
  <testcase classname="| \&quot;Natal\&quot; |" name="| \&quot;Natal\&quot; |" time="0"/>
</testsuite>