<?xml version="1.0" encoding="UTF-8" ?>
<testsuite tests="18" failures="0" name="RunTests" time="7.203" errors="0" skipped="12">
  <properties>
[...]
</properties>
  <testcase classname="| \&quot;Carlos Macedo\&quot; | \&quot;C2345M\&quot; | \&quot;carlos_macedo@gmail.com\&quot; | \&quot;true\&quot; | \&quot;true\&quot; | \&quot;Biblioteca\&quot; |" name="Dado a tela inicial do cadastro aberta" time="0.001"/>
  <testcase classname="| \&quot;Carlos Macedo\&quot; | \&quot;C2345M\&quot; | \&quot;carlos_macedo@gmail.com\&quot; | \&quot;true\&quot; | \&quot;true\&quot; | \&quot;Biblioteca\&quot; |" name="Quando o usuario informar o \&quot;Carlos Macedo\&quot; \u002C \&quot;carlos_macedo@gmail.com\&quot; \u002C  \&quot;C2345M\&quot; \u002C se e \&quot;true\&quot; . Caso seja tambem informar se e \&quot;true\&quot; e o \&quot;Biblioteca\&quot;" time="0.008">
    <skipped/>
  </testcase>
  <testcase classname="| \&quot;Carlos Macedo\&quot; | \&quot;C2345M\&quot; | \&quot;carlos_macedo@gmail.com\&quot; | \&quot;true\&quot; | \&quot;true\&quot; | \&quot;Biblioteca\&quot; |" name="E confirmar a senha \&quot;C2345M\&quot;" time="0.008">
    <skipped/>
  </testcase>
  <testcase classname="| \&quot;Carlos Macedo\&quot; | \&quot;C2345M\&quot; | \&quot;carlos_macedo@gmail.com\&quot; | \&quot;true\&quot; | \&quot;true\&quot; | \&quot;Biblioteca\&quot; |" name="Entao deve ser exibida a mensagem \&quot;Respons\u00E1vel cadastrado com Sucesso!\&quot;" time="0.008">
    <skipped/>
  </testcase>
  <testcase classname="| \&quot;Carlos Macedo\&quot; | \&quot;C2345M\&quot; | \&quot;carlos_macedo@gmail.com\&quot; | \&quot;true\&quot; | \&quot;true\&quot; | \&quot;Biblioteca\&quot; |" name="| \&quot;Carlos Macedo\&quot; | \&quot;C2345M\&quot; | \&quot;carlos_macedo@gmail.com\&quot; | \&quot;true\&quot; | \&quot;true\&quot; | \&quot;Biblioteca\&quot; |" time="0.008">
    <skipped/>
  </testcase>
  <testcase classname="| \&quot;Carlos Macedo\&quot; | \&quot;C2345M\&quot; | \&quot;carlos_macedo@gmail.com\&quot; | \&quot;true\&quot; | \&quot;true\&quot; | \&quot;Biblioteca\&quot; |" name="| \&quot;Carlos Macedo\&quot; | \&quot;C2345M\&quot; | \&quot;carlos_macedo@gmail.com\&quot; | \&quot;true\&quot; | \&quot;true\&quot; | \&quot;Biblioteca\&quot; |" time="0.008"/>
  <testcase classname="| \&quot;Renata Macia\&quot; | \&quot;Ren9845\&quot; | \&quot;renata_macia@hotmail.com\&quot; | \&quot;false\&quot; | \&quot;\&quot; | \&quot;\&quot; |" name="Dado a tela inicial do cadastro aberta" time="0"/>
  <testcase classname="| \&quot;Renata Macia\&quot; | \&quot;Ren9845\&quot; | \&quot;renata_macia@hotmail.com\&quot; | \&quot;false\&quot; | \&quot;\&quot; | \&quot;\&quot; |" name="Quando o usuario informar o \&quot;Renata Macia\&quot; \u002C \&quot;renata_macia@hotmail.com\&quot; \u002C  \&quot;Ren9845\&quot; \u002C se e \&quot;false\&quot; . Caso seja tambem informar se e \&quot;\&quot; e o \&quot;\&quot;" time="0">
    <skipped/>
  </testcase>
  <testcase classname="| \&quot;Renata Macia\&quot; | \&quot;Ren9845\&quot; | \&quot;renata_macia@hotmail.com\&quot; | \&quot;false\&quot; | \&quot;\&quot; | \&quot;\&quot; |" name="E confirmar a senha \&quot;Ren9845\&quot;" time="0">
    <skipped/>
  </testcase>
  <testcase classname="| \&quot;Renata Macia\&quot; | \&quot;Ren9845\&quot; | \&quot;renata_macia@hotmail.com\&quot; | \&quot;false\&quot; | \&quot;\&quot; | \&quot;\&quot; |" name="Entao deve ser exibida a mensagem \&quot;Respons\u00E1vel cadastrado com Sucesso!\&quot;" time="0.002">
    <skipped/>
  </testcase>
  <testcase classname="| \&quot;Renata Macia\&quot; | \&quot;Ren9845\&quot; | \&quot;renata_macia@hotmail.com\&quot; | \&quot;false\&quot; | \&quot;\&quot; | \&quot;\&quot; |" name="| \&quot;Renata Macia\&quot; | \&quot;Ren9845\&quot; | \&quot;renata_macia@hotmail.com\&quot; | \&quot;false\&quot; | \&quot;\&quot; | \&quot;\&quot; |" time="0.002">
    <skipped/>
  </testcase>
  <testcase classname="| \&quot;Renata Macia\&quot; | \&quot;Ren9845\&quot; | \&quot;renata_macia@hotmail.com\&quot; | \&quot;false\&quot; | \&quot;\&quot; | \&quot;\&quot; |" name="| \&quot;Renata Macia\&quot; | \&quot;Ren9845\&quot; | \&quot;renata_macia@hotmail.com\&quot; | \&quot;false\&quot; | \&quot;\&quot; | \&quot;\&quot; |" time="0.002"/>
  <testcase classname="| \&quot;Joaquim Nunes\&quot; | \&quot;1221JM\&quot; | \&quot;joaquim_nunes@gmail.com\&quot; | \&quot;true\&quot; | \&quot;false\&quot; | \&quot;DASE\&quot; |" name="Dado a tela inicial do cadastro aberta" time="0"/>
  <testcase classname="| \&quot;Joaquim Nunes\&quot; | \&quot;1221JM\&quot; | \&quot;joaquim_nunes@gmail.com\&quot; | \&quot;true\&quot; | \&quot;false\&quot; | \&quot;DASE\&quot; |" name="Quando o usuario informar o \&quot;Joaquim Nunes\&quot; \u002C \&quot;joaquim_nunes@gmail.com\&quot; \u002C  \&quot;1221JM\&quot; \u002C se e \&quot;true\&quot; . Caso seja tambem informar se e \&quot;false\&quot; e o \&quot;DASE\&quot;" time="0">
    <skipped/>
  </testcase>
  <testcase classname="| \&quot;Joaquim Nunes\&quot; | \&quot;1221JM\&quot; | \&quot;joaquim_nunes@gmail.com\&quot; | \&quot;true\&quot; | \&quot;false\&quot; | \&quot;DASE\&quot; |" name="E confirmar a senha \&quot;1221JM\&quot;" time="0">
    <skipped/>
  </testcase>
  <testcase classname="| \&quot;Joaquim Nunes\&quot; | \&quot;1221JM\&quot; | \&quot;joaquim_nunes@gmail.com\&quot; | \&quot;true\&quot; | \&quot;false\&quot; | \&quot;DASE\&quot; |" name="Entao deve ser exibida a mensagem \&quot;Respons\u00E1vel cadastrado com Sucesso!\&quot;" time="0">
    <skipped/>
  </testcase>
  <testcase classname="| \&quot;Joaquim Nunes\&quot; | \&quot;1221JM\&quot; | \&quot;joaquim_nunes@gmail.com\&quot; | \&quot;true\&quot; | \&quot;false\&quot; | \&quot;DASE\&quot; |" name="| \&quot;Joaquim Nunes\&quot; | \&quot;1221JM\&quot; | \&quot;joaquim_nunes@gmail.com\&quot; | \&quot;true\&quot; | \&quot;false\&quot; | \&quot;DASE\&quot; |" time="0">
    <skipped/>
  </testcase>
  <testcase classname="| \&quot;Joaquim Nunes\&quot; | \&quot;1221JM\&quot; | \&quot;joaquim_nunes@gmail.com\&quot; | \&quot;true\&quot; | \&quot;false\&quot; | \&quot;DASE\&quot; |" name="| \&quot;Joaquim Nunes\&quot; | \&quot;1221JM\&quot; | \&quot;joaquim_nunes@gmail.com\&quot; | \&quot;true\&quot; | \&quot;false\&quot; | \&quot;DASE\&quot; |" time="0"/>
</testsuite>