<?xml version="1.0" encoding="UTF-8" ?>
<testsuite tests="10" failures="0" name="RunTests" time="158.344" errors="4" skipped="1">
  <properties>
[...]
</properties>
  <testcase classname="| \&quot;Comprovante de matricula\&quot; | \&quot;2\&quot; | \&quot;Nicole Goncalves Castro\&quot; |" name="Dado a tela inicial cadastro de processos aberta" time="0"/>
  <testcase classname="| \&quot;Comprovante de matricula\&quot; | \&quot;2\&quot; | \&quot;Nicole Goncalves Castro\&quot; |" name="Quando o administrador definir o fluxo do processo com as seguintes  atividades:" time="0"/>
  <testcase classname="| \&quot;Comprovante de matricula\&quot; | \&quot;2\&quot; | \&quot;Nicole Goncalves Castro\&quot; |" name="E o administrador informar o nome \&quot;Comprovante de matricula\&quot; a dura\u00E7\u00E3o em dias \&quot;2\&quot; o responsavel \&quot;Nicole Goncalves Castro\&quot; e salvar" time="0.001"/>
  <testcase classname="| \&quot;Comprovante de matricula\&quot; | \&quot;2\&quot; | \&quot;Nicole Goncalves Castro\&quot; |" name="Entao deve ser exibida a seguinte mensagem : \&quot;Processo cadastrado com Sucesso!\&quot;" time="0.017">
    <error message="Unable to locate element: .ui\-growl\-title
For documentation on this error, please visit: http://seleniumhq.org/exceptions/no_such_element.html
Build info: version: &apos;3.6.0&apos;, revision: &apos;6fbf3ec767&apos;, time: &apos;2017-09-27T15:28:36.4Z&apos;
System info: host: &apos;NATÁLIA&apos;, ip: &apos;192.168.99.1&apos;, os.name: &apos;Windows 8.1&apos;, os.arch: &apos;amd64&apos;, os.version: &apos;6.3&apos;, java.version: &apos;1.8.0_144&apos;
Driver info: org.openqa.selenium.firefox.FirefoxDriver
Capabilities [{moz:profile=C:\Users\Natália\AppData\Local\Temp\rust_mozprofile.Mqei5D13DalO, rotatable=false, timeouts={implicit=0, pageLoad=300000, script=30000}, pageLoadStrategy=normal, moz:headless=false, platform=XP, moz:accessibilityChecks=false, acceptInsecureCerts=true, browserVersion=57.0, platformVersion=6.3, moz:processID=8156, browserName=firefox, javascriptEnabled=true, platformName=XP, moz:webdriverClick=false}]
Session ID: 1d4c4ba8-1ed4-4b28-8c31-04d0a1712e7a
*** Element info: {Using=class name, value=ui-growl-title}" type="org.openqa.selenium.NoSuchElementException">org.openqa.selenium.NoSuchElementException: Unable to locate element: .ui\-growl\-title
For documentation on this error, please visit: http://seleniumhq.org/exceptions/no_such_element.html
Build info: version: &apos;3.6.0&apos;, revision: &apos;6fbf3ec767&apos;, time: &apos;2017-09-27T15:28:36.4Z&apos;
System info: host: &apos;NATÁLIA&apos;, ip: &apos;192.168.99.1&apos;, os.name: &apos;Windows 8.1&apos;, os.arch: &apos;amd64&apos;, os.version: &apos;6.3&apos;, java.version: &apos;1.8.0_144&apos;
Driver info: org.openqa.selenium.firefox.FirefoxDriver
Capabilities [{moz:profile=C:\Users\Natália\AppData\Local\Temp\rust_mozprofile.Mqei5D13DalO, rotatable=false, timeouts={implicit=0, pageLoad=300000, script=30000}, pageLoadStrategy=normal, moz:headless=false, platform=XP, moz:accessibilityChecks=false, acceptInsecureCerts=true, browserVersion=57.0, platformVersion=6.3, moz:processID=8156, browserName=firefox, javascriptEnabled=true, platformName=XP, moz:webdriverClick=false}]
Session ID: 1d4c4ba8-1ed4-4b28-8c31-04d0a1712e7a
*** Element info: {Using=class name, value=ui-growl-title}
	at sun.reflect.NativeConstructorAccessorImpl.newInstance0(Native Method)
	at sun.reflect.NativeConstructorAccessorImpl.newInstance(NativeConstructorAccessorImpl.java:62)
	at sun.reflect.DelegatingConstructorAccessorImpl.newInstance(DelegatingConstructorAccessorImpl.java:45)
	at java.lang.reflect.Constructor.newInstance(Constructor.java:423)
	at org.openqa.selenium.remote.http.W3CHttpResponseCodec.createException(W3CHttpResponseCodec.java:185)
	at org.openqa.selenium.remote.http.W3CHttpResponseCodec.decode(W3CHttpResponseCodec.java:120)
	at org.openqa.selenium.remote.http.W3CHttpResponseCodec.decode(W3CHttpResponseCodec.java:49)
	at org.openqa.selenium.remote.HttpCommandExecutor.execute(HttpCommandExecutor.java:164)
	at org.openqa.selenium.remote.service.DriverCommandExecutor.execute(DriverCommandExecutor.java:83)
	at org.openqa.selenium.remote.RemoteWebDriver.execute(RemoteWebDriver.java:586)
	at org.openqa.selenium.remote.RemoteWebDriver.findElement(RemoteWebDriver.java:356)
	at org.openqa.selenium.remote.RemoteWebDriver.findElementByClassName(RemoteWebDriver.java:442)
	at org.openqa.selenium.By$ByClassName.findElement(By.java:391)
	at org.openqa.selenium.remote.RemoteWebDriver.findElement(RemoteWebDriver.java:348)
	at step_definitions.ProcessoSteps.deve_ser_exibida_a_seguinte_mensagem(ProcessoSteps.java:71)
	at ✽.Entao deve ser exibida a seguinte mensagem : &quot;Processo cadastrado com Sucesso!&quot;(src/main/java/features/Processo.feature:22)
</error>
  </testcase>
  <testcase classname="| \&quot;Comprovante de matricula\&quot; | \&quot;2\&quot; | \&quot;Nicole Goncalves Castro\&quot; |" name="| \&quot;Comprovante de matricula\&quot; | \&quot;2\&quot; | \&quot;Nicole Goncalves Castro\&quot; |" time="0.018">
    <error message="Unable to locate element: .ui\-growl\-title
For documentation on this error, please visit: http://seleniumhq.org/exceptions/no_such_element.html
Build info: version: &apos;3.6.0&apos;, revision: &apos;6fbf3ec767&apos;, time: &apos;2017-09-27T15:28:36.4Z&apos;
System info: host: &apos;NATÁLIA&apos;, ip: &apos;192.168.99.1&apos;, os.name: &apos;Windows 8.1&apos;, os.arch: &apos;amd64&apos;, os.version: &apos;6.3&apos;, java.version: &apos;1.8.0_144&apos;
Driver info: org.openqa.selenium.firefox.FirefoxDriver
Capabilities [{moz:profile=C:\Users\Natália\AppData\Local\Temp\rust_mozprofile.Mqei5D13DalO, rotatable=false, timeouts={implicit=0, pageLoad=300000, script=30000}, pageLoadStrategy=normal, moz:headless=false, platform=XP, moz:accessibilityChecks=false, acceptInsecureCerts=true, browserVersion=57.0, platformVersion=6.3, moz:processID=8156, browserName=firefox, javascriptEnabled=true, platformName=XP, moz:webdriverClick=false}]
Session ID: 1d4c4ba8-1ed4-4b28-8c31-04d0a1712e7a
*** Element info: {Using=class name, value=ui-growl-title}" type="org.openqa.selenium.NoSuchElementException">org.openqa.selenium.NoSuchElementException: Unable to locate element: .ui\-growl\-title
For documentation on this error, please visit: http://seleniumhq.org/exceptions/no_such_element.html
Build info: version: &apos;3.6.0&apos;, revision: &apos;6fbf3ec767&apos;, time: &apos;2017-09-27T15:28:36.4Z&apos;
System info: host: &apos;NATÁLIA&apos;, ip: &apos;192.168.99.1&apos;, os.name: &apos;Windows 8.1&apos;, os.arch: &apos;amd64&apos;, os.version: &apos;6.3&apos;, java.version: &apos;1.8.0_144&apos;
Driver info: org.openqa.selenium.firefox.FirefoxDriver
Capabilities [{moz:profile=C:\Users\Natália\AppData\Local\Temp\rust_mozprofile.Mqei5D13DalO, rotatable=false, timeouts={implicit=0, pageLoad=300000, script=30000}, pageLoadStrategy=normal, moz:headless=false, platform=XP, moz:accessibilityChecks=false, acceptInsecureCerts=true, browserVersion=57.0, platformVersion=6.3, moz:processID=8156, browserName=firefox, javascriptEnabled=true, platformName=XP, moz:webdriverClick=false}]
Session ID: 1d4c4ba8-1ed4-4b28-8c31-04d0a1712e7a
*** Element info: {Using=class name, value=ui-growl-title}
	at sun.reflect.NativeConstructorAccessorImpl.newInstance0(Native Method)
	at sun.reflect.NativeConstructorAccessorImpl.newInstance(NativeConstructorAccessorImpl.java:62)
	at sun.reflect.DelegatingConstructorAccessorImpl.newInstance(DelegatingConstructorAccessorImpl.java:45)
	at java.lang.reflect.Constructor.newInstance(Constructor.java:423)
	at org.openqa.selenium.remote.http.W3CHttpResponseCodec.createException(W3CHttpResponseCodec.java:185)
	at org.openqa.selenium.remote.http.W3CHttpResponseCodec.decode(W3CHttpResponseCodec.java:120)
	at org.openqa.selenium.remote.http.W3CHttpResponseCodec.decode(W3CHttpResponseCodec.java:49)
	at org.openqa.selenium.remote.HttpCommandExecutor.execute(HttpCommandExecutor.java:164)
	at org.openqa.selenium.remote.service.DriverCommandExecutor.execute(DriverCommandExecutor.java:83)
	at org.openqa.selenium.remote.RemoteWebDriver.execute(RemoteWebDriver.java:586)
	at org.openqa.selenium.remote.RemoteWebDriver.findElement(RemoteWebDriver.java:356)
	at org.openqa.selenium.remote.RemoteWebDriver.findElementByClassName(RemoteWebDriver.java:442)
	at org.openqa.selenium.By$ByClassName.findElement(By.java:391)
	at org.openqa.selenium.remote.RemoteWebDriver.findElement(RemoteWebDriver.java:348)
	at step_definitions.ProcessoSteps.deve_ser_exibida_a_seguinte_mensagem(ProcessoSteps.java:71)
	at ✽.Entao deve ser exibida a seguinte mensagem : &quot;Processo cadastrado com Sucesso!&quot;(src/main/java/features/Processo.feature:22)
</error>
  </testcase>
  <testcase classname="| \&quot;Comprovante de matricula\&quot; | \&quot;Solicitacao de Comprovante de matricula\&quot; | \&quot;2\&quot; | \&quot;Nicole Goncalves Castro\&quot; |" name="Dado a tela de listagem de processos aberta" time="0"/>
  <testcase classname="| \&quot;Comprovante de matricula\&quot; | \&quot;Solicitacao de Comprovante de matricula\&quot; | \&quot;2\&quot; | \&quot;Nicole Goncalves Castro\&quot; |" name="Quando o administrador selecionar o processo \&quot;Comprovante de matricula\&quot; que deseja alterar" time="0"/>
  <testcase classname="| \&quot;Comprovante de matricula\&quot; | \&quot;Solicitacao de Comprovante de matricula\&quot; | \&quot;2\&quot; | \&quot;Nicole Goncalves Castro\&quot; |" name="E informar o \&quot;Solicitacao de Comprovante de matricula\&quot; a duracao \&quot;2\&quot; e o \&quot;Nicole Goncalves Castro\&quot; para atualiza\u00E7\u00E3o" time="0">
    <error type="java.lang.NullPointerException">java.lang.NullPointerException
	at step_definitions.ProcessoSteps.informar_o_a_duracao_e_o_para_atualização(ProcessoSteps.java:227)
	at ✽.E informar o &quot;Solicitacao de Comprovante de matricula&quot; a duracao &quot;2&quot; e o &quot;Nicole Goncalves Castro&quot; para atualização(src/main/java/features/Processo.feature:32)
</error>
  </testcase>
  <testcase classname="| \&quot;Comprovante de matricula\&quot; | \&quot;Solicitacao de Comprovante de matricula\&quot; | \&quot;2\&quot; | \&quot;Nicole Goncalves Castro\&quot; |" name="| \&quot;Comprovante de matricula\&quot; | \&quot;Solicitacao de Comprovante de matricula\&quot; | \&quot;2\&quot; | \&quot;Nicole Goncalves Castro\&quot; |" time="0">
    <error type="java.lang.NullPointerException">java.lang.NullPointerException
	at step_definitions.ProcessoSteps.informar_o_a_duracao_e_o_para_atualização(ProcessoSteps.java:227)
	at ✽.E informar o &quot;Solicitacao de Comprovante de matricula&quot; a duracao &quot;2&quot; e o &quot;Nicole Goncalves Castro&quot; para atualização(src/main/java/features/Processo.feature:32)
</error>
  </testcase>
  <testcase classname="| \&quot;Comprovante de matricula\&quot; | \&quot;Solicitacao de Comprovante de matricula\&quot; | \&quot;2\&quot; | \&quot;Nicole Goncalves Castro\&quot; |" name="Entao deve ser exibida a seguinte mensagem : \&quot;Processo alterado com Sucesso!\&quot;" time="0">
    <skipped/>
  </testcase>
</testsuite>